<?xml version="1.0" encoding="UTF-8"?>
<testsuite name="com.inft4001.StringCalculatorTest" tests="14" skipped="0" failures="0" errors="0" timestamp="2020-02-17T23:37:08" hostname="DESKTOP-ADCFQCE" time="0.006">
  <properties/>
  <testcase name="whenMultipleDelimitersAreSpecifiedOfAnyLengthThenItIsUsedToSeparateNumbers" classname="com.inft4001.StringCalculatorTest" time="0.002"/>
  <testcase name="when2NumbersAreUsedThenNoExceptionIsThrown" classname="com.inft4001.StringCalculatorTest" time="0.0"/>
  <testcase name="whenTwoNumbersAreUsedThenReturnValueIsTheirSum" classname="com.inft4001.StringCalculatorTest" time="0.0"/>
  <testcase name="whenOneNumberIsUsedThenReturnValueIsThatSameNumber" classname="com.inft4001.StringCalculatorTest" time="0.0"/>
  <testcase name="whenDelimiterIsSpecifiedThenItIsUsedToSeparateNumbers" classname="com.inft4001.StringCalculatorTest" time="0.0"/>
  <testcase name="whenEmptyStringIsUsedThenReturnValueIs0" classname="com.inft4001.StringCalculatorTest" time="0.0"/>
  <testcase name="whenMultipleDelimitersAreSpecifiedThenItIsUsedToSeparateNumbers" classname="com.inft4001.StringCalculatorTest" time="0.0"/>
  <testcase name="whenNegativeNumberIsUsedThenRuntimeExceptionIsThrown" classname="com.inft4001.StringCalculatorTest" time="0.0"/>
  <testcase name="whenDelimiterIsSpecifiedOfAnyLengthThenItIsUsedToSeparateNumbers" classname="com.inft4001.StringCalculatorTest" time="0.0"/>
  <testcase name="whenNonNumberIsUsedThenExceptionIsThrown" classname="com.inft4001.StringCalculatorTest" time="0.0"/>
  <testcase name="whenNewLineIsUsedBetweenNumbersThenReturnValuesAreTheirSums" classname="com.inft4001.StringCalculatorTest" time="0.0"/>
  <testcase name="whenOneOrMoreNumbersAreGreaterThan1000IsUsedThenItIsNotIncludedInSum" classname="com.inft4001.StringCalculatorTest" time="0.001"/>
  <testcase name="whenAnyNumberOfNumbersIsUsedThenReturnValuesAreTheirSums" classname="com.inft4001.StringCalculatorTest" time="0.0"/>
  <testcase name="whenNegativeNumbersAreUsedThenRuntimeExceptionIsThrown" classname="com.inft4001.StringCalculatorTest" time="0.0"/>
  <system-out><![CDATA[]]></system-out>
  <system-err><![CDATA[]]></system-err>
</testsuite>
